Thu, 11 May 2023 18:40:28 GMT: successfully added agent id 0xcd9988f3d5c993592b61048628c28a7424235794ada5dc80d55eeb70ec513848 with manifest QmSUc7X3hUCKEyMJZtuYZqNtm5Uw4quxyzjV5M6HCy9NnE
Thu, 11 May 2023 20:33:55 GMT: successfully updated agent id 0xcd9988f3d5c993592b61048628c28a7424235794ada5dc80d55eeb70ec513848 with manifest Qma6iViD3zZkVcDDg8CnMwT6aZ6m5nLRPSBfAC4WXhMnSr
Fri, 12 May 2023 06:35:08 GMT: successfully disabled agent id 0xcd9988f3d5c993592b61048628c28a7424235794ada5dc80d55eeb70ec513848
Fri, 12 May 2023 06:36:27 GMT: successfully enabled agent id 0xcd9988f3d5c993592b61048628c28a7424235794ada5dc80d55eeb70ec513848
Fri, 12 May 2023 09:39:01 GMT: successfully updated agent id 0xcd9988f3d5c993592b61048628c28a7424235794ada5dc80d55eeb70ec513848 with manifest QmNQk8i9YYPjJGdcRn1SF3GbAfuN5ojERkaqvoxWe4cXK9
Thu, 18 May 2023 17:48:20 GMT: successfully updated agent id 0xcd9988f3d5c993592b61048628c28a7424235794ada5dc80d55eeb70ec513848 with manifest QmYKcKRjNrNafJK96yRbFUu69Ee9axTP6aTweip1kGUcST
Thu, 18 May 2023 18:38:48 GMT: successfully updated agent id 0xcd9988f3d5c993592b61048628c28a7424235794ada5dc80d55eeb70ec513848 with manifest QmdQnriVRRopLeVFvuou7jdUDnCaFZmNvaGx4R53FDSEgZ
Thu, 25 May 2023 09:11:01 GMT: successfully updated agent id 0xcd9988f3d5c993592b61048628c28a7424235794ada5dc80d55eeb70ec513848 with manifest QmdVkpj5HUJKLeGQfvYwoGaPxD5Jis8G7v4BpbQpf6gnPA
Thu, 25 May 2023 12:39:43 GMT: successfully updated agent id 0xcd9988f3d5c993592b61048628c28a7424235794ada5dc80d55eeb70ec513848 with manifest QmRq48BLXrF8KZpWxXk6CMDDPr4Tjn8GLyLG16nuQzhzW5
Fri, 26 May 2023 05:56:39 GMT: successfully updated agent id 0xcd9988f3d5c993592b61048628c28a7424235794ada5dc80d55eeb70ec513848 with manifest QmWxijKGTTauJmzLS9Rky2NQMKUta8BfpKhWoYYDoLxeND
Fri, 26 May 2023 11:55:37 GMT: successfully updated agent id 0xcd9988f3d5c993592b61048628c28a7424235794ada5dc80d55eeb70ec513848 with manifest QmcZRgfo5jGEjKgSHibsm1Ko9QarjHfnYJNUAbXzWCa6vy
Fri, 23 Jun 2023 16:02:57 GMT: successfully updated agent id 0xcd9988f3d5c993592b61048628c28a7424235794ada5dc80d55eeb70ec513848 with manifest QmPwdFmcYF8JV6h2iR3WkGHMDU5hAWpDAZ9dZ8GUps48cK
Fri, 07 Jul 2023 14:56:05 GMT: successfully updated agent id 0xcd9988f3d5c993592b61048628c28a7424235794ada5dc80d55eeb70ec513848 with manifest QmUA4kBDmB5t28WZK15LeNYEJSUZ5vZK3zmNMvKXhoUZQY
Mon, 24 Jul 2023 17:53:31 GMT: successfully updated agent id 0xcd9988f3d5c993592b61048628c28a7424235794ada5dc80d55eeb70ec513848 with manifest QmXUSnKeHXKtcWLQgo1ssZTnayoFUBWmyTpXB2NpQ9GCML
Tue, 25 Jul 2023 05:31:47 GMT: successfully updated agent id 0xcd9988f3d5c993592b61048628c28a7424235794ada5dc80d55eeb70ec513848 with manifest QmfPZxTMJnGGnSQoLZk5abbgbiqiyGTKoJ1ALkbG77Qjqv
Tue, 25 Jul 2023 13:35:28 GMT: successfully updated agent id 0xcd9988f3d5c993592b61048628c28a7424235794ada5dc80d55eeb70ec513848 with manifest QmbDy99uatCC2pBqr2R9PpTzNw5CY1z6vr2LxSZUiFgh7S
Wed, 26 Jul 2023 06:14:48 GMT: successfully updated agent id 0xcd9988f3d5c993592b61048628c28a7424235794ada5dc80d55eeb70ec513848 with manifest QmUyv1BBcPuFmfHk8qaLVt4itjgihHWs9i343H9ngLoMPf
Tue, 01 Aug 2023 18:09:59 GMT: successfully updated agent id 0xcd9988f3d5c993592b61048628c28a7424235794ada5dc80d55eeb70ec513848 with manifest QmYzPuVAMb4jAJP4GcLUjUjhYsYeC9PH65oC4xdgWqttd8
Fri, 04 Aug 2023 10:18:29 GMT: successfully updated agent id 0xcd9988f3d5c993592b61048628c28a7424235794ada5dc80d55eeb70ec513848 with manifest QmbmJhJt4AmaFZJFBSm9NqXGuYeMVBeN5zjosbC1d1so4o
Thu, 10 Aug 2023 13:10:40 GMT: successfully updated agent id 0xcd9988f3d5c993592b61048628c28a7424235794ada5dc80d55eeb70ec513848 with manifest QmZczXEt9eSQu2uUKapjVhEe139E1nvuwQNE3pcVZHFm2F
Mon, 28 Aug 2023 08:01:52 GMT: successfully updated agent id 0xcd9988f3d5c993592b61048628c28a7424235794ada5dc80d55eeb70ec513848 with manifest QmSEyctghTYDLDhckyZBboQzmCzAQfzvsVeAsYw6dnDoAg
Thu, 19 Oct 2023 13:22:00 GMT: successfully updated agent id 0xcd9988f3d5c993592b61048628c28a7424235794ada5dc80d55eeb70ec513848 with manifest QmenKEdGGHNu9LHSwVxUvuEvgSFrH75kfNf8DWe1mgLgdR
Thu, 19 Oct 2023 14:08:17 GMT: successfully updated agent id 0xcd9988f3d5c993592b61048628c28a7424235794ada5dc80d55eeb70ec513848 with manifest QmajitHH3KpMgEQnymYGGf2fcaLW53SxVbfQfDkYg3BgJv
Thu, 19 Oct 2023 20:28:36 GMT: successfully updated agent id 0xcd9988f3d5c993592b61048628c28a7424235794ada5dc80d55eeb70ec513848 with manifest QmYe4cvvBSAd9DQ9c5a6G2ryCCujDnuivfSBx6iPfLMX1x
Thu, 02 Nov 2023 15:39:12 GMT: successfully updated agent id 0xcd9988f3d5c993592b61048628c28a7424235794ada5dc80d55eeb70ec513848 with manifest QmefZpZARYgKUknffypEyQQhmbRyDzq4gu78QPNvdWFoqx
Fri, 10 Nov 2023 18:06:55 GMT: successfully updated agent id 0xcd9988f3d5c993592b61048628c28a7424235794ada5dc80d55eeb70ec513848 with manifest QmZ4SsRELKD4Fh4zjg8nzNZZrkCQHaVdoWRD3zp8RX16P3
Mon, 13 Nov 2023 08:57:15 GMT: successfully updated agent id 0xcd9988f3d5c993592b61048628c28a7424235794ada5dc80d55eeb70ec513848 with manifest QmPF8NYopo3bW4wrJzxjAyatM3N8wU6FwmGK5BwRNYx9VY
