Thu, 22 Dec 2022 18:28:50 GMT: successfully pushed image with reference bafybeiepws54v5ziiri7rypanepkb62humjc7xl5ywpoqamdyykkcosjxi@sha256:bc4c5e429e27fa7e7e56c4049f5025542636e9c4188d2e059383cc4ba95c8c2b
Fri, 23 Dec 2022 04:53:39 GMT: successfully pushed image with reference bafybeibisyjragm4rv3xqpw2ln5mzattjtnuywdixccr2cqpx7gdhy5qbi@sha256:e9b7e3abcc68041c48ec7c5af866791fcd97a8b927b07c32fb2621ba779bfdaf
Fri, 27 Jan 2023 19:50:21 GMT: successfully pushed image with reference bafybeibd6smo2cqeeu46x454rswynyhdqstou4lsccfnnn4gp6qdpbeoh4@sha256:23e72a89a8efa558ccc4fa860a8f842cae41527f4d6b1bb83eb66e77493854d6
Tue, 07 Feb 2023 19:11:47 GMT: successfully pushed image with reference bafybeihqijl2w4vkfdmsc7a2nczb54enc42flvwh7gpcbpkeozfh47k7re@sha256:990642bbd45d8886d2aa6e9c5fef639967e25bb3c4f7f068c61a1db175627b19
Thu, 09 Feb 2023 16:45:36 GMT: successfully pushed image with reference bafybeifmyyzhltseesyoxgzkcoy2z5penzglvhcyhu6tagkh4rbqy3bokm@sha256:9473d968d1c49b9117bee0b98452ea539a86d2d8e214d23753b0faadd0145f55
Thu, 09 Feb 2023 21:49:49 GMT: successfully pushed image with reference bafybeibgxraygs2kxyvhgj5j2n6pybp4yyfcs4lr7suofnwvkc7f7bqjr4@sha256:72b0e6fea05c01cdea2f41149ac81c85268f2b6925b5750f2bd08f98af10d9c8
Tue, 14 Mar 2023 01:28:03 GMT: successfully pushed image with reference bafybeia24qznuunztt5x7xm5fiutroo43ey5klrmzswbhp75lo3awzaj2e@sha256:bff04535e756665173699c81656a0d57199945fb766fb91764e90cd6b7c89b4c
Mon, 17 Jul 2023 14:51:39 GMT: successfully updated agent id 0x0b241032ca430d9c02eaa6a52d217bbff046f0d1b3f3d2aa928e42a97150ec91 with manifest QmWH348M2iz9Bw2ctEibAuVTK7SesxYPF9RFeF8Qxm5eY8
Mon, 17 Jul 2023 15:09:23 GMT: successfully updated agent id 0x0b241032ca430d9c02eaa6a52d217bbff046f0d1b3f3d2aa928e42a97150ec91 with manifest QmWfw7CXebuCgp8b8x72t2erwYCfGVKRQimnP4GFFuuMCK
Mon, 17 Jul 2023 15:28:04 GMT: successfully updated agent id 0x9aaa5cd64000e8ba4fa2718a467b90055b70815d60351914cc1cbe89fe1c404c with manifest QmWouCF9iRVF13K9ZHx5rjpQpp51qzNxVMBUheRgVrrVm1
Mon, 17 Jul 2023 15:49:05 GMT: successfully updated agent id 0x0b241032ca430d9c02eaa6a52d217bbff046f0d1b3f3d2aa928e42a97150ec91 with manifest QmZJfRJyyUpHU6wyYze5ydnvBNpPDgYnPxzRMUmCndvfbD
Tue, 18 Jul 2023 17:01:26 GMT: successfully updated agent id 0x9aaa5cd64000e8ba4fa2718a467b90055b70815d60351914cc1cbe89fe1c404c with manifest QmesmLL9tLvNurcABvTyLCbWsjWb9G5uPfKT8i3aJiBsPY
Tue, 18 Jul 2023 17:07:33 GMT: successfully updated agent id 0x0b241032ca430d9c02eaa6a52d217bbff046f0d1b3f3d2aa928e42a97150ec91 with manifest QmRnyZr2L9eiUgSYWAAXvYfQh1nHooVZ1bWCQWwdWd1NYv
Tue, 26 Sep 2023 18:28:51 GMT: successfully updated agent id 0x0b241032ca430d9c02eaa6a52d217bbff046f0d1b3f3d2aa928e42a97150ec91 with manifest QmeWkQRZ2bAqEL33yupJjFp8cPzWrVaqZPuhq7VfJCpxSw
Thu, 19 Oct 2023 20:51:35 GMT: successfully added agent id 0xeae75a2d2a5deeb6d1c704480b4a345b439482f5458257420bd8e5979220d0df with manifest QmPbLiNod1VPHzrNZgNs1CupWdzazWEFnhmYLovN8aR8Eg
Thu, 19 Oct 2023 21:08:50 GMT: successfully updated agent id 0x0b241032ca430d9c02eaa6a52d217bbff046f0d1b3f3d2aa928e42a97150ec91 with manifest QmZFk46VLPrDtm1mzvBVFru95pVXGxpbCXufHyJ95uiB5u
Fri, 01 Dec 2023 00:03:28 GMT: successfully updated agent id 0x9aaa5cd64000e8ba4fa2718a467b90055b70815d60351914cc1cbe89fe1c404c with manifest QmWnNSn24oFPir2qSQnZruEWZV9tp7Tc688Mq67TtHvnUs
Fri, 17 Nov 2023 22:12:39 GMT: successfully updated agent id 0x0b241032ca430d9c02eaa6a52d217bbff046f0d1b3f3d2aa928e42a97150ec91 with manifest QmcKXCPS1epuB7eKz1w3YZWFv19QinwpKtaUePmVk21F7w
Mon, 20 Nov 2023 16:13:51 GMT: successfully updated agent id 0x9aaa5cd64000e8ba4fa2718a467b90055b70815d60351914cc1cbe89fe1c404c with manifest QmSHk4HAry9B9SNdM9UBJsBuam6LL3TAWxz1AyutJ3PUXw
Fri, 01 Dec 2023 00:42:10 GMT: successfully updated agent id 0x9aaa5cd64000e8ba4fa2718a467b90055b70815d60351914cc1cbe89fe1c404c with manifest Qmc45SfGuAnqzyq9Kja6rHK8njGAutEsq1Jvws2Tk2NMqo
Wed, 06 Dec 2023 16:49:18 GMT: successfully updated agent id 0x0b241032ca430d9c02eaa6a52d217bbff046f0d1b3f3d2aa928e42a97150ec91 with manifest QmU8Q2E1puSymopYxPfeB3sJ3cedicd8J9o5LPB8fxSbaf
Wed, 06 Dec 2023 17:14:01 GMT: successfully updated agent id 0x0b241032ca430d9c02eaa6a52d217bbff046f0d1b3f3d2aa928e42a97150ec91 with manifest QmU4hnh3CENwd2sgcRVBB8wk8JqAjL1GJDTrSodpQS7h7a
Wed, 06 Dec 2023 20:17:23 GMT: successfully updated agent id 0x0b241032ca430d9c02eaa6a52d217bbff046f0d1b3f3d2aa928e42a97150ec91 with manifest QmeyAj4Z3PrrikxrgcAtyJhHdy4YnKyySqURT383ETNNuC
Tue, 19 Dec 2023 07:29:05 GMT: successfully updated agent id 0x0b241032ca430d9c02eaa6a52d217bbff046f0d1b3f3d2aa928e42a97150ec91 with manifest QmbfgJ6XacTDohKbAk9jKejfwaWovK7wB6o6EzAMypLqu3
Fri, 29 Dec 2023 17:24:46 GMT: successfully updated agent id 0x9aaa5cd64000e8ba4fa2718a467b90055b70815d60351914cc1cbe89fe1c404c with manifest QmREUFSCmvVPR5qZ5ffL9yhhGRK6zWq26ucwQopGUsjgTi
Tue, 09 Jan 2024 16:40:16 GMT: successfully updated agent id 0x0b241032ca430d9c02eaa6a52d217bbff046f0d1b3f3d2aa928e42a97150ec91 with manifest QmTFYJVHrRoEZjZkp53RH5K39epGc38ho5xiXdY7RtAuJr
Thu, 11 Jan 2024 15:54:27 GMT: successfully updated agent id 0x0b241032ca430d9c02eaa6a52d217bbff046f0d1b3f3d2aa928e42a97150ec91 with manifest QmZjNFczCFQTLUANzT3gUKf9FUsAV7wi4Jic2z66WHsZrr
Wed, 17 Jan 2024 16:52:58 GMT: successfully updated agent id 0x0b241032ca430d9c02eaa6a52d217bbff046f0d1b3f3d2aa928e42a97150ec91 with manifest QmQgT2G99qdKKdJJocAJreRUBp9F92argtfHPx4BkhUaQW
Wed, 17 Jan 2024 17:06:43 GMT: successfully updated agent id 0x0b241032ca430d9c02eaa6a52d217bbff046f0d1b3f3d2aa928e42a97150ec91 with manifest QmdiKkKpT9WWBbsEiK9GndFNigDJCzJG5rjZkDxeEE77Ki
Wed, 17 Jan 2024 17:21:15 GMT: successfully updated agent id 0x0b241032ca430d9c02eaa6a52d217bbff046f0d1b3f3d2aa928e42a97150ec91 with manifest QmXkkFpAoHvJCZqiEqFboYUWwtma4GDTJoQqPjJUfKVoPc
Wed, 17 Jan 2024 17:35:22 GMT: successfully updated agent id 0x0b241032ca430d9c02eaa6a52d217bbff046f0d1b3f3d2aa928e42a97150ec91 with manifest QmepCmgvrewBRdGxMM14vc1Akw6N3JAe9Ev8RKJu1Xz6H4
Wed, 17 Jan 2024 18:10:17 GMT: successfully updated agent id 0x0b241032ca430d9c02eaa6a52d217bbff046f0d1b3f3d2aa928e42a97150ec91 with manifest Qmep34JD9ZZiLLi2VRgTnGVP4G343N4g2hTmW4XjM48ytr
