Sat, 11 Mar 2023 20:11:36 GMT: successfully added agent id 0x98b87a29ecb6c8c0f8e6ea83598817ec91e01c15d379f03c7ff781fd1141e502 with manifest QmYbh9YaQb3QXiEpg9wxS35BMXzAaay8X81jAFDN3R2Mad
Tue, 14 Mar 2023 09:07:48 GMT: successfully updated agent id 0x98b87a29ecb6c8c0f8e6ea83598817ec91e01c15d379f03c7ff781fd1141e502 with manifest QmNxaav85sv2T86W417k9Gv6XRsy6GjU7QFpaiaCZR42sg
Thu, 16 Mar 2023 11:11:07 GMT: successfully updated agent id 0x98b87a29ecb6c8c0f8e6ea83598817ec91e01c15d379f03c7ff781fd1141e502 with manifest QmVn8cVQbSoyffokyKanBtSZNM3NNgorrw3DGc9bAMjtCr
Mon, 20 Mar 2023 19:13:11 GMT: successfully updated agent id 0x98b87a29ecb6c8c0f8e6ea83598817ec91e01c15d379f03c7ff781fd1141e502 with manifest QmNxw767NgLsvpb7ZemFAEgTAu7RFHt2SqPC1A7Xz9hKss
Fri, 31 Mar 2023 15:31:24 GMT: successfully updated agent id 0x98b87a29ecb6c8c0f8e6ea83598817ec91e01c15d379f03c7ff781fd1141e502 with manifest QmUPKFVZPhy9WFd9zbthvMDX7cCCWJof16mJc1NfCwfmh5
Fri, 31 Mar 2023 15:48:39 GMT: successfully updated agent id 0x98b87a29ecb6c8c0f8e6ea83598817ec91e01c15d379f03c7ff781fd1141e502 with manifest QmRrThDgpcVSyDfvvZb9rpYG2emAaaZbPdsDHPhYtV9qJM
Tue, 04 Apr 2023 17:16:53 GMT: successfully updated agent id 0x98b87a29ecb6c8c0f8e6ea83598817ec91e01c15d379f03c7ff781fd1141e502 with manifest QmZLKpjcfvQ28nEj8QM1pUJHNq21FXqtAEacmNBrDHGRHV
Wed, 12 Apr 2023 17:13:06 GMT: successfully updated agent id 0x98b87a29ecb6c8c0f8e6ea83598817ec91e01c15d379f03c7ff781fd1141e502 with manifest QmTWfoDjoM2wnwSfxtaCYUV5529HHKAtpuBeFkKDAFXQnU
Tue, 25 Apr 2023 17:41:05 GMT: successfully updated agent id 0x98b87a29ecb6c8c0f8e6ea83598817ec91e01c15d379f03c7ff781fd1141e502 with manifest QmYwnrsYyDT88EmJxZ7Nozi9fHuYJnQMqWDVJdja3vTVyE
Wed, 26 Apr 2023 18:06:55 GMT: successfully updated agent id 0x98b87a29ecb6c8c0f8e6ea83598817ec91e01c15d379f03c7ff781fd1141e502 with manifest QmUB2jascFrzXo4UcczPPpNSsEyNa2knwiMytC3jysWFBT
Fri, 05 May 2023 18:08:56 GMT: successfully updated agent id 0x98b87a29ecb6c8c0f8e6ea83598817ec91e01c15d379f03c7ff781fd1141e502 with manifest QmSBtZscH5GujLu34avitzazZcAGwodp1s5yThRncP2cCP
Tue, 09 May 2023 08:06:43 GMT: successfully updated agent id 0x98b87a29ecb6c8c0f8e6ea83598817ec91e01c15d379f03c7ff781fd1141e502 with manifest Qmat7ccRKf775ng7yt7nNYZKcqTUXfvKZrkV4hmBDSiZaS
Tue, 09 May 2023 18:28:13 GMT: successfully updated agent id 0x98b87a29ecb6c8c0f8e6ea83598817ec91e01c15d379f03c7ff781fd1141e502 with manifest QmY4hVmXUQxNtbhwKVfChLvktWTjtuxiLxVvY452NMXmKN
Thu, 11 May 2023 17:51:16 GMT: successfully updated agent id 0x98b87a29ecb6c8c0f8e6ea83598817ec91e01c15d379f03c7ff781fd1141e502 with manifest Qmf8SnKLE4UU3TpJBhzJpCi7w1BvL2SahD2gWryzjKqBhW
Tue, 16 May 2023 16:21:52 GMT: successfully updated agent id 0x98b87a29ecb6c8c0f8e6ea83598817ec91e01c15d379f03c7ff781fd1141e502 with manifest QmQoN63amAvvwhNmy1ogq3q4rru7onkhDhsg1mbsczokcE
Thu, 25 May 2023 09:49:07 GMT: successfully updated agent id 0x98b87a29ecb6c8c0f8e6ea83598817ec91e01c15d379f03c7ff781fd1141e502 with manifest QmZQo99nPHszBNpNL26pkYWdM4hw1acsstyfT5Jz7R261k
Fri, 26 May 2023 22:13:43 GMT: successfully updated agent id 0x98b87a29ecb6c8c0f8e6ea83598817ec91e01c15d379f03c7ff781fd1141e502 with manifest QmaToWbUsVKXGpiqcxEBS5aQYAiXXPtWDqKZ798WJAftYE
Mon, 03 Jul 2023 10:18:03 GMT: successfully updated agent id 0x98b87a29ecb6c8c0f8e6ea83598817ec91e01c15d379f03c7ff781fd1141e502 with manifest QmW49jGUo8jdAMFW7YEsqrmSxN2K4GgHpF3DVXbBm3RF1F
Tue, 18 Jul 2023 14:54:01 GMT: successfully updated agent id 0x98b87a29ecb6c8c0f8e6ea83598817ec91e01c15d379f03c7ff781fd1141e502 with manifest Qmd4yvDGm6GM9zSStS6KxsFUQfmpTBJCoi28icrPpzsajc
Wed, 09 Aug 2023 13:23:41 GMT: successfully updated agent id 0x98b87a29ecb6c8c0f8e6ea83598817ec91e01c15d379f03c7ff781fd1141e502 with manifest QmTGsppBpV7QHnDZW6YkZ1jS6RXp5HqzhYmmJFok9PVFWq
Mon, 11 Sep 2023 11:01:45 GMT: successfully updated agent id 0x98b87a29ecb6c8c0f8e6ea83598817ec91e01c15d379f03c7ff781fd1141e502 with manifest QmXDoTHLBr9HwWz66g2VPBcMVzk2PEPwpLog4p6F4Da6PA
Wed, 27 Sep 2023 08:09:15 GMT: successfully updated agent id 0x98b87a29ecb6c8c0f8e6ea83598817ec91e01c15d379f03c7ff781fd1141e502 with manifest QmZVbYWQxGafsfGj2Co9LFi84vA7KK9hVtMGfvcWttrB3d
Thu, 09 Nov 2023 16:14:56 GMT: successfully updated agent id 0x98b87a29ecb6c8c0f8e6ea83598817ec91e01c15d379f03c7ff781fd1141e502 with manifest QmeeG27yo2Kf5v71EPWw2bsfWZ6ubNL2hDHWRgGbxNByK8
Fri, 17 Nov 2023 13:51:31 GMT: successfully updated agent id 0xf7bdbc51869b0a74aba61ade31adac96622a48108af5fb50a1d5d197bfdb6b9e with manifest QmY1aebYQXZavPH1kEA2adYjjGXCZg8WCifoyDWLnBVJun
Mon, 12 Feb 2024 11:43:31 GMT: successfully updated agent id 0x98b87a29ecb6c8c0f8e6ea83598817ec91e01c15d379f03c7ff781fd1141e502 with manifest QmXVj7LCEmGVJtHF24HD3Hn11Z9S4sDj8MQF476DLsG7gB
Tue, 21 May 2024 14:42:01 GMT: successfully added bot id 0xcd233b284c8340ff12d38fdd594d7f3b8f4449571c0fd6d2fdb8db8a7e45991b with manifest QmcA6Zc5VAtAzHmZTfbzGR2aTS5Gbwbq1u1FHhnbrgoHNY
Tue, 21 May 2024 15:14:57 GMT: successfully updated bot id 0xcd233b284c8340ff12d38fdd594d7f3b8f4449571c0fd6d2fdb8db8a7e45991b with manifest QmRpzUfcz7WLKpc2gSFULTGr7ja4xt3yxbYCLseyk81Z1R
Tue, 21 May 2024 15:21:03 GMT: successfully updated bot id 0xcd233b284c8340ff12d38fdd594d7f3b8f4449571c0fd6d2fdb8db8a7e45991b with manifest QmPNUWTf7yt1ZaxBxH5DPha1zPxwkE9zDt19szL4U4sn8t
Tue, 21 May 2024 15:56:06 GMT: successfully updated bot id 0xcd233b284c8340ff12d38fdd594d7f3b8f4449571c0fd6d2fdb8db8a7e45991b with manifest QmQ7zpUp2onLCCKe429Vcymh4LedignbLRRtg5qQhLyt49
Tue, 21 May 2024 16:03:38 GMT: successfully updated bot id 0xcd233b284c8340ff12d38fdd594d7f3b8f4449571c0fd6d2fdb8db8a7e45991b with manifest QmfLXuV9zYoh2Y6tNy6ZBekmT1qjeCEVuNjjGoMfJuzXss
Tue, 21 May 2024 16:05:04 GMT: successfully disabled bot id 0xcd233b284c8340ff12d38fdd594d7f3b8f4449571c0fd6d2fdb8db8a7e45991b
Tue, 21 May 2024 16:06:01 GMT: successfully enabled bot id 0xcd233b284c8340ff12d38fdd594d7f3b8f4449571c0fd6d2fdb8db8a7e45991b
Tue, 21 May 2024 16:22:52 GMT: successfully updated bot id 0xcd233b284c8340ff12d38fdd594d7f3b8f4449571c0fd6d2fdb8db8a7e45991b with manifest QmfFyYHTJo5FNdhJQybmNyTcHzzkb5pDiUc4BuXXAgVdns
Tue, 21 May 2024 16:27:39 GMT: successfully disabled bot id 0xcd233b284c8340ff12d38fdd594d7f3b8f4449571c0fd6d2fdb8db8a7e45991b
Tue, 21 May 2024 16:32:08 GMT: successfully updated bot id 0xcd233b284c8340ff12d38fdd594d7f3b8f4449571c0fd6d2fdb8db8a7e45991b with manifest Qmbj3bUtyLCdoTBbH2ZaM3BbNyPf57wZyEQzAe2uXLcHKy
Tue, 21 May 2024 16:32:33 GMT: successfully enabled bot id 0xcd233b284c8340ff12d38fdd594d7f3b8f4449571c0fd6d2fdb8db8a7e45991b
Tue, 21 May 2024 16:38:51 GMT: successfully disabled bot id 0xcd233b284c8340ff12d38fdd594d7f3b8f4449571c0fd6d2fdb8db8a7e45991b
Tue, 21 May 2024 16:40:31 GMT: successfully enabled bot id 0xcd233b284c8340ff12d38fdd594d7f3b8f4449571c0fd6d2fdb8db8a7e45991b
Tue, 21 May 2024 16:51:37 GMT: successfully updated bot id 0xcd233b284c8340ff12d38fdd594d7f3b8f4449571c0fd6d2fdb8db8a7e45991b with manifest QmbQ7shbRPYCqP6dsx9AqRiavYdxr8srf7BF4F2r7xbRhF
Tue, 25 Jun 2024 13:35:40 GMT: successfully updated bot id 0xcd233b284c8340ff12d38fdd594d7f3b8f4449571c0fd6d2fdb8db8a7e45991b with manifest QmTa3DeRwCiL68QXtyqaaxMmtMyUpjCrkQU9cE2ykq66bf
