Tue, 28 Mar 2023 21:21:58 GMT: successfully added agent id 0xb27524b92bf27e6aa499a3a7239232ad425219b400d3c844269f4a657a4adf03 with manifest QmVUgtp4Bn3GUNafhmq1FeX2W3AxnXDhuVcDa7qSZJFrcU
Tue, 28 Mar 2023 21:33:34 GMT: successfully updated agent id 0xb27524b92bf27e6aa499a3a7239232ad425219b400d3c844269f4a657a4adf03 with manifest QmfKVshdCtRMtEdHmFSxpr8Tbf6PZpT6E1SRUvkEAubL3C
Wed, 29 Mar 2023 00:04:34 GMT: successfully updated agent id 0xb27524b92bf27e6aa499a3a7239232ad425219b400d3c844269f4a657a4adf03 with manifest QmSYqvZCiwnbcYhuE67hf2s53gu8Vn9jjey9wP7ETWBE86
Wed, 29 Mar 2023 01:49:01 GMT: successfully updated agent id 0xb27524b92bf27e6aa499a3a7239232ad425219b400d3c844269f4a657a4adf03 with manifest QmfXqTfCsPYCV4K1YQxQz7FuHAdB3ecaHPSezL8KkmYokS
Wed, 29 Mar 2023 15:05:47 GMT: successfully updated agent id 0xb27524b92bf27e6aa499a3a7239232ad425219b400d3c844269f4a657a4adf03 with manifest QmYLrCk1CZ8xnMBTAeLzxiKFSbS6WJa8JiyVWwE63Lc26T
Wed, 29 Mar 2023 15:45:28 GMT: successfully updated agent id 0xb27524b92bf27e6aa499a3a7239232ad425219b400d3c844269f4a657a4adf03 with manifest Qmc7mBxssBeaWp4wP8hRQprfu7RyeEGo2HZo6QYgZ9kcY8
Wed, 29 Mar 2023 16:27:20 GMT: successfully updated agent id 0xb27524b92bf27e6aa499a3a7239232ad425219b400d3c844269f4a657a4adf03 with manifest QmV3C7uE67c5Dc4Qn5kkEeksuQqx5dTv2okdiM6UNWwreP
Wed, 29 Mar 2023 16:39:03 GMT: successfully updated agent id 0xb27524b92bf27e6aa499a3a7239232ad425219b400d3c844269f4a657a4adf03 with manifest QmUoKwTegJhHR6BQEbnfZvGnVJM6GgJd6L9Z2wuvSSwJKC
Wed, 29 Mar 2023 16:49:24 GMT: successfully updated agent id 0xb27524b92bf27e6aa499a3a7239232ad425219b400d3c844269f4a657a4adf03 with manifest Qma6QZcQqsmRKVTgb9GuyJGiRRPr1m8s9scSadtbjQh2Km
Wed, 29 Mar 2023 17:00:14 GMT: successfully updated agent id 0xb27524b92bf27e6aa499a3a7239232ad425219b400d3c844269f4a657a4adf03 with manifest QmTsYzemxMuwKtBbekkW825asPStFY5BjW4pcQLYNY2JAk
Wed, 29 Mar 2023 17:12:20 GMT: successfully updated agent id 0xb27524b92bf27e6aa499a3a7239232ad425219b400d3c844269f4a657a4adf03 with manifest QmajQZBWnPYt4252h4vMh1Nnh67H9G2uYbr9vo8WD7iZMo
Wed, 29 Mar 2023 17:23:03 GMT: successfully updated agent id 0xb27524b92bf27e6aa499a3a7239232ad425219b400d3c844269f4a657a4adf03 with manifest Qmf3jjtizX2J8jYyx5nEaw5e4Dy7WgJBNnMgor3A9pzKAb
Wed, 29 Mar 2023 17:30:42 GMT: successfully updated agent id 0xb27524b92bf27e6aa499a3a7239232ad425219b400d3c844269f4a657a4adf03 with manifest QmRrdY4ESUTPmzauekwQmFKqwrQ4Gx46KZXK2nEG5Mqjic
Wed, 29 Mar 2023 18:00:34 GMT: successfully updated agent id 0xb27524b92bf27e6aa499a3a7239232ad425219b400d3c844269f4a657a4adf03 with manifest QmP9gNBv4hPRUjFtx1Yi1zHjsWCrHN4D2GWbYq5apKfgnV
Wed, 29 Mar 2023 19:03:37 GMT: successfully updated agent id 0xb27524b92bf27e6aa499a3a7239232ad425219b400d3c844269f4a657a4adf03 with manifest QmZzZKYtNh2wpWkLykqGntNdvkGT5CnefA9oKoY9kaP25x
Wed, 29 Mar 2023 19:42:41 GMT: successfully updated agent id 0xb27524b92bf27e6aa499a3a7239232ad425219b400d3c844269f4a657a4adf03 with manifest QmaoM2va6rWZADrh5ywrc3kSKqz8m2Bm1oydAdVfbdFE4J
Fri, 31 Mar 2023 00:08:27 GMT: successfully updated agent id 0xb27524b92bf27e6aa499a3a7239232ad425219b400d3c844269f4a657a4adf03 with manifest QmbBDA8LdpcvwcD8KQiy6RJyfZG13YR84az6dAvdqyFSRL
Fri, 31 Mar 2023 20:31:53 GMT: successfully updated agent id 0xb27524b92bf27e6aa499a3a7239232ad425219b400d3c844269f4a657a4adf03 with manifest QmNNL6RckuABLZ2ckbgmtaxhzpRW8Pp9binPcxwBZShusi
Fri, 31 Mar 2023 21:17:51 GMT: successfully updated agent id 0xb27524b92bf27e6aa499a3a7239232ad425219b400d3c844269f4a657a4adf03 with manifest QmaPApBRTwVjJV5UqwDj8dkPfq94j12KEUyoSWQWbC74hJ
Fri, 31 Mar 2023 22:51:31 GMT: successfully updated agent id 0xb27524b92bf27e6aa499a3a7239232ad425219b400d3c844269f4a657a4adf03 with manifest QmP7Jjd2BisBPU5m6pPfcDRsnYzxv5qoWPhv4tfA6F2ZqF
Tue, 04 Apr 2023 04:01:04 GMT: successfully updated agent id 0x47c45816807d2eac30ba88745bf2778b61bc106bc76411b520a5289495c76db8 with manifest QmdrvXfxwrdDZLRjmynp7qFwjnRBcQkvpSncu6KrrtkvEG
Tue, 04 Apr 2023 04:03:12 GMT: successfully updated agent id 0xb27524b92bf27e6aa499a3a7239232ad425219b400d3c844269f4a657a4adf03 with manifest QmW1WRZztn5g8tbH9KAByhf9oyr9pm5HDeEJy7tTeyS7La
